fkyspg
fkpwpz
fjf87r
fkv1oq
flzvzm
fioo1u
fmpxr0
fm945h
fk3lhk
fk3149
fkmau5
fkrk0g
fndcve
fkqi5j
fjg8ft
fjrk22
fm6q0o
fmw6qt
fka7ve
fj91e7
fmov6g
fjmp8m
fmlq71
fjyw8z
flvh2h
fmw7np
fj1phm
fj8z8b
fn3itt
fm3apc
fmpplk
fioi2l
fk4173
fk7boi
fkiity
fmxmh9
ficuzu
figiye
fktdtm
fit1mm
fjf04b
fjilui
fm3ler
fk0aue
fizkij
firi16
fig7ww
fmuu8i
fkpt0o
fn4358
fl3gcs
fmg2ap
fk5yfe
fijxll
fj5o9q
fj89r0
fm3agg
fmc4g8
fj73y4
fjdmj6
fij5zt
fmkiie
flwnrx
fm8480
fmdifa
fmzxzx
fjkglr
fjpu1f
fmryy4
fm3iq3
fjmgdv
fjbf1t
fjbtxz
flq7iu
fne989
fk4li4
fm201x
fj90rl
fmzkpi
fkwowb
fjo2ux
fmkdsn
fmx3rb
fimeg1
fks9ab
fib7dx
fnbo2q
fm5jdr
fiuk8w
fkchka
fj3uv8
fn5rbw
fkrnjc
fjb5jm
fk6tb4
fijcgr
finaed
fkzo63
fk0c5g
fic82p
fig92x
flrg66
fn5v0k
fmxtl2
fikidz
fi8y0t
fiscbe
fkygwr
fkqduk
fndxli
fn1pau
fmdcxa
fjz9li
fiyvx2
fmgu1z
fjbro6
fn9gts
fn0t5r
filu7k
fn4s4n
fkqw2u
fnck3t
fmose2
fiippd
fncgbl
fjd9fo
fn7nlw
fjkboy
ficy90
fl0jzj
fjhb1f
fk499v
fjz05g
fna3fg
fmrq5r
fmoqh2
fj6maw
fmzmtu
fmeo8n
fjcfqy
fkco3n
fn2yth
flxn5e
fl2n6o
fmm7ml
fj70p6
fizzw8
fkvt5r
fl0kwf
fl37ro
fl3mcz
fjaetc
fko2gt
fkl2vd
flu8ja
fm8kzb
fj1jgv
fm3qr5
fmqy0v
fj4cwc
flqawe
fmuru0
fktpue
flykl6
fn3li7
fkfir8
fn29ix
fjv59m
fkrd39
fje6kt
fieklt
fn88nh
fix4qe
fkcoya
flt6g4
fjhmh5
fj7lpk
fjfgh4
fkmaga
fjxmbl
fim4vl
fltjw7
fl1jan
fjup0i
fi91bf
fj2ht5
fk1g93
fm88mc
fkp27t
fn1dp1
fjljcx
fm8bbg
fjcw1z
fjvxms
flu2iu
fj98ul
fjqufj
fn2t88
fkx4nw
fn11sz
fjvq6i
fmmk2e
fj8dyg
fjf19m
fknobh
fjlzcv
fmvs40
fjkpw1
fip876
fl20j2
fn9dvh
fn2npf
fmounv
fj3qs2
fkaakt
fjffs7
fj5ck5
fjagf5
fkwsx4
fik6wy
fkbzff
fjxqql
fknd7i
fk25r3
fju2we
ficxbe
fkefsw
fj27tf
fk9glb
finn54
fkl3df
fkgpkk
fmrryb
fmk5en
fibwjv
flsrul
fmlz7n
fk3suf
fnaln8
fluiga
fic2l3
fnch2e
fjawlw
fkwy6x
fkgd69
fkzko3
fma70p
fkjner
flrcl3
fn5qbm
fj3h66
fj4wl4
fk4a8c
fiq0ef
fkzumh
fjmisj
fmkrvo
fkw2ta
fkbnpd
fjzslv
flp957
fj549a
fkpl17
fnbvzh
fjg0x7
fmm5t2
fjmp30
fjejx4
fj5kqd
fm8530
fjxy33
fjmbkz
fmgz0e
fjzg88
fm0dnz
fjduej
fky0kd
fmf7yt
fjldvw
fij1jo
fjw5i6
fjc5t0
fk56q6
fk4bci
fjvdwy
fjjd2b
fkv83n
fj7lan
fmaskg
fl2165
fm2mc1
fkcd8r
fjf6um
fnaiss
fik8jg
fj5ssj
fkfhrp
fjwae3
fju1mq
fj2gyo
fndz1n
fn764n
fkrycu
finioz
fmetwq
fjth1d
fiat0v
fmwjen
fn8qqd
flptih
fiklta
fikf0s
fkkreo
fjmd61
fm7ots
fk3xmd
fkmkkp
fj6sff
flzevh
fkqn3o
fie795
fjino9
fm16zh
fidv1t
flubr9
fjcryo
flsci3
fiazuw
fj0wvw
fl3h9x
fisihj
fjoohj
fidfwe
fml1hp
firxh1
fkpiai
fj4cgo
flrm7f
fkbhnk
fmkn0w
fkjror
fm0jbp
fit628
fn62bq
fih613
fl3nyq
fkzo6h
fk1awl
flxp75
fivv5a
fl2h18
fn7yvy
fmljht
fj5p2q
fmgaqi
fiuugx
fj2xcn
fm9h52
fkeg04
fjmlfd
fii0zz
fijhbq
fj5m0u
fjwr95
fkxjhj
fn7sqe
fjo6nb
fm388u
fjwz7r
fk5df1
fl32cj
fktqs9
fj6aio
fktsz7
fj6j0r
fna29x
fj12g3
fm6ou2
ficyvq
fjxtic
fkyj85
fm6p5r
fkbeh2
fj3z4g
fimdlf
fmk254
fig7u5
fj6lxt
fme9l2
fk48ki
fjayvt
fmdehz
fiaq2t
fihg5i
fjtgt0
fkir6a
fjbmjd
fncbwg
fiwvfj
fkwne1
fmmlbh
fn08pe
fidg3j
fn78im
fjcyy9
fn0dps
fkhtdf
fjuxzo
fkdekf
fmundl
fjm37x
fl1412
fkmyg2
fmy64r
flvrpv
fm2n5j
fidv82
fmgwok
fiss46
fl2z75
fkwmsx
fkcu0l
fia3mb
fmiev6
fkra2w
fmxw97
fjotve
fkdc24
fi924t
fn1plg
fj4p6h
fj86ji
fkcmi2
fkq3xh
fj4fug
fkihp6
fl0r9s
fjxzvv
fm5389
file0z
fmmeha
fjerji
fmcm5z
fn3afg
fjluxx
fi93wt
fmatlq
fmzz7i
fn3wf4
fiphe8
flv9hm
fm42wx
fk4lpx
flx8u9
fjttgc
fjk7f8
fk9cjo
fkc031
fk92dm
fim9z5
fihcku
fjksir
fj92p3
fnc85h
fijmj1
fk31jr
fit0sk
fkowvm
fl3wx2
fjwv3k
fj9wag
fk1np8
fncp8l
fm8nvp
fkcstb
fm7d42
fjld9v
fiiuyb
fmfoi1
fio8og
fjj5fn
fm3cba
flsiu3
fkbxn2
fjx6pe
fk3ql1
fjjkvg
fn7s3v
fmvica
fjy4i3
fibuaa
fibqhu
fm4o1e
fmlkem
fmfxtm
fluehm
fis4fb
figi5x
fk33sh
fm9o01
fk4p1u
fmi7d5
fjupty
fjvfrj
fikdiy
fif7va
fk829k
fjs5qo
fijijh
fis2gy
fitbk3
fm9qq7
fiqogg
fj9122
fiaagp
fike1t
fm76gy
fi9dp6
fmeqlz
fjk68d
flvxiu
fjy09l
fjmq42
fn34ov
fiwcqz
fio1f7
fkrgx2
flpvix
fj3co8
fkmh5w
fk9jsa
fmw758
fmtd1h
fknhbq
flyw69
fj2c93
fmeosi
fm6s75
flz0th
fjnyj1
fi8yzr
fmjs7r
fn3ak6
fjuf7h
fn19d1
fmzrot
fkujgm
fmuc65
fnbqv7
filj78
fks0ho
fib12v
fluysi
fjqz2b
fiezxe
fj57sx
fmszlr
flsuic
fiahjv
fmcuf4
fk0b8c
figico
fncmsz
fjx6jp
fioyko
fjpkw7
fip4q4
fj2i8s
fjjn4x
fk90sv
fja5kp
fjcdh9
fmobmb
fj6owg
fkv6vv
fkuume
fjp3ty
fjh7vm
fnbyc5
flyv41
flserc
fn7oli
fjer2d
flybgu
fjxz76
fj4r1v
fktfto
fk9afh
fm0lpb
fk2jx6
fn5tnf
fkeiuu
fmcgga
fmnvxa
fiefcc
fmdrdo
fkn7km
fkh9jo
fly5k6
fluipd
fj93gf
fmg3xz
fjgjz2
fkq4ol
fm3fuo
fia6h1
fj5hut
fj9ovu
fk4mzo
fj0xc2
fk98ei
fn3ers
fjnu0l
fifwny
fm3l7m
fmp1ka
fktnnl
fmrasr
fj035f
fmfn8c
fmcs47
fj9x77
fkil59
fn1fyb
filpgf
fijhjk
fm3yx3
fkjzmn
fjt2ur
fms7g6
fn3azn
fn80zt
fjwwsl
fmogqr
fj2137
fiswki
fjvzhm
fiig2x
fjonnu
fl46ac
finljh
fj5wws
fk12s7
fid9oc
fk9n97
fkz0on
flvyv1
fn4op2
fm71pn
fioxk9
fmmxmf
fn4bze
fmbyvc
fiunb4
flrub9
fiian3
fjofde
fn7pef
fncw3s
flyf8m
fnbkzt
fna3ep
fkl76g
fiko35
fjmyri
fm61nu
fkln9t
fltxj4
fjdvr0
fl2875
fj9veg
fmlvuj
fj0wpb
fn73jm
fmjkep
fjkpil
fm14un
fjvsok
fkec23
fjofke
fmseyi
fi9olb
fn6clp
fiqhni
fmtaua
fj391d
fm5ktd
fj3k8s
filiuj
fkqnkt
fk36q1
fm0pdj
fk65v8
fk0j5k
fkx9ym
fjl4nn
fna0u7
fidljs
fk6lbd
fjnn09
fn89s9
fjrp5p
fido6i
fn0qjo
fn53mq
fihdn7
flwl2b
fkno6t
fisavp
fmi1cf
fn45zi
flpmed
fkorfx
fkeb2f
fkafa5
fib6i6
fml7a8
fiqc9v
fjg2ub
fiu3h4
fm2i1p
fk09cc
fmht0s
fmr0ht
fkayft
fmrufw
fjr2hz
fjd2ih
fm4s7r
fjijm8
fmrs8l
filf56
fifqcc
fnbocc
fkygq6
flpl2j
fm5di1
fkqmht
fjf236
ficnvq
fkld26
fkvlxd
fjow5m
fj0uxz
fifw6s
fmyu6d
five7n
fibujp
fmw1at
fkw18i
fm8keo
fn04ta
fn1dsd
flwcab
fjxf8m
fjwfkg
fmjwqc
fmbt6l
fkq1y4
fixcck
fmlly0
fjkhcu
fkxkto
fkv9vj
fmzmk2
fmpn68
fjlo3u
fjilv5
fjo5vo
flvti9
fmz3ey
fmiebd
fkm3k1
fiqydv
fl31yn
fncm3n
fmdl45
fiz7n0
fl3dnv
fjp009
fk91dx
fik82z
fiybzj
fn04a5
fk0c1q
fj262t
fiqjf8
fimrya
fktkh7
fmc5mt
fkiwa0
fkdxy4
fiis36
fiplfa
fkr8ns
fn7k8o
fk40uf
fmi0f5
fkcth8
fkjcuv
fkfk93
fidbmj
fnd28p
fixo2o
fm5azx
fix1so
fmugsa
fl0vmo
fjgk7x
fjj4gw
fn853e
fjzcnn
flvbij
fikq77
fjyby9
fluily
fip8kz
fjmoys
fj5c4q
fiqsk2
fn8ipd
fkeq6d
fmcb79
fm6lnk
fjkx7r
fk1ez3
fmm0vr
fj12fq
fkemoa
fkrefm
fiigif
fj25gi
fik7q5
fip0sa
fiq4ar
fm3k4y
fjg191
flxshd
fibvdo
fm8vm6
fjjwh3
fmwt1c
fketvw
fk4gmf
fji5wi
fikx3s
fkupmc
fkv2xc
fjziff
fmrasg
fj8x6i
fihm7p
fjnjo0
fj8nhm
fmceoh
fn6a4f
fj88am
fn0qyd
fmabyr
fjpwh0
fjh89l
fkdt89
fiay5f
fmqx3h
fiur6q
fktuvh
fnbpex
fk68sh
fklfwi
fjuwyq
fjx59t
fkuf7c
fkd91l
fkfrq0
fn3utn
fmkdcl
fke45l
fj6qdf
fii65w
fktijg
fjofuh
fkxpra
fm0jfi
fmfgz0
fkkyt8
fmqg6o
fiq98j
fjlkbb
fiptoy
fk7eut
fmxvxi
fiyawy
fj69qh
fkdivm
fjvgjq
fj3fck
fka48u
fm49r5
fimsit
fjj59c
fil94b
fkxr9r
fnamgu
fm2otg
fib0r2
fmevxo
fijssj
fmaczn
fit4ez
fj0hl2
fkusyu
fknsi5
fjonez
fj1r8d
fl48qp
fijdkk
fju0ev
fiet4n
fl318k
fj9frl
fjtppz
fin9yg
fju0p5
fkor6w
flpe8g
fjv7nk
fm6w0h
fm907x
fisb78
flpcnk
fkwwry
fjx98y
fk54gw
fk5nor
fmedi0
fjgkkc
fijms2
fjcptk
fk69y5
fig8pu
fn5kg5
fkpqom
fk0zfs
fjxi8m
fjw42f
fiv551
fjvx3q
fmfekp
fmh0aj
fn2iri
fie53e
fmf813
fk6c92
fip9d4
fkse9x
fjta0v
fm9qhn
fjstf9
fjshnc
fjaqrd
fmaeti
fkhrcy
fkre92
fn1ak0
fmhsg7
fkjql9
fkw1o6
flvfqv
fm50gu
fijf8n
fmwkmv
fibxdw
fjwiz4
fkobrh
flv2yj
fmanss
fmfedg
fj7mp5
fj6qbk
fjmn46
fmo9ts
fmwawx
fjp2jy
fm20es
fke4c6
fjcz0s
fnb55f
fitisb
filxol
fk7dgw
fkeb81
fmx69n
fms2lb
fmere2
fm7p9s
fjvne8
fm0ka2
fkbiqt
fmpymz
fkn2k3
fltqj6
fmn6q3
fndxqe
fmsec1
fkxzgv
fj34xh
fklwvc
fikni0
fktc9r
fknu9v
fnbk8p
fivq17
fmdi4c
fmvs2l
firr2v
fk4cro
fif2hq
fkgl5j
fmxtfx
fizahv
fkc6po
fjw6ng
fjslap
fjrbgo
fki0n0
fnbijb
fkg2y6
flvtkd
fienvx
fm25bd
fm8h9m
fjmyz3
fkaznp
fi9hif
fis75t
fkohbz
fmb0m2
fkccxa
fjr21p
fka2j9
fiqqxs
fmktmw
fm13os
fjym7n
fjs5ow
fmy5la
fk1irq
fjjoxw
fk4pa6
fjcxos
fkbifn
fkb30u
fmic0t
fko0re
fip2i6
fkepto
fkwyai
fkfiwd
fn79uu
filyhs
fjypyj
fm1na5
fj5y90
fjayij
fmibgj
fjf7g0
fmi8xe
fkormb
fmsdkz
fkbaxu
fiwh66
fl1w5a
fk4zs3
fju7mk
fi92bx
fmzks6
fmgg64
fmbzsp
fk6yvd
fjpfc0
fii7re
fin4dq
fn24vp
fint6u
figjbb
fmhtu0
fj8f1u
fkzrsc
fkrunz
fkpt8m
fn7k7t
fn11xj
fkwnl5
fjl8ih
fivqww
fjpncj
fjtwe6
fmoct6
flshux
fj02k8
fkgbml
fjl5dh
fiyurq
fkgzoh
fjztd7
fknikz
fjzm0h
fn4a4t
fjvj7c
fltdpe
fib9gf
fjhw6h
fkpuqo
fknfyy
fmxm8v
fkm52f
fjqh15
fkxdd6
fj5ruc
fiirn1
fkigxs
fishww
fkg9z0
fjutfg
fm77f9
fmm78g
fkpwcl
fn71aq
fn1hur
fluk21
fj3q2n
fkptna
fm61rd
fku531
fjyftp
fkm7oe
fmbml9
fn69cw
fmjmuw
fjz4ui
fkpjft
fm57k6
fj9l4a
fmqaid
fitcm5
fk72yq
fne07l
fmz47z
fj25ed
fn64pj
fkcg1e
fkaxct
fmk61g
fmp8o6
fj15q8
fj0tx0
fm1ck9
flr0fo
fkcc21
fkfht7
fms1u3
fkf6em
fjdl5i
fjc42g
flzimz
flv2ze
fj2yrn
fjz9rk
fkdbxj
fn2ty6
fmrm4q
flxybx
fiyac6
fio8oy
fmsarp
fkdf14
fjy5a2
fjq3em
fkfssw
fjuyj9
fn7gk8
fk8pwk
fin7bj
flt3ue
fjiigb
flx046
flz3ul
fj55s9
fmcu6n
fn0507
fm7h3p
fid767
fi9aj3
fitn7k
fiqxyq
fj3h4y
fmy60o
flt4zr
fjt445
fmjdip
fnahno
fia2ao
fjaqi2
flpw87
fm6jrf
flsimv
fkm6ge
fkbee9
fit7sj
fn790c
fk3il7
fis7bh
fk1hmp
ficazu
fm8t2c
fk9os5
fn1hhn
fmvuux
flyc8x
fj5uvn
fixj3s
fmf9dk
fjzyns
fieazr
fjgas9
fl0v8w
fj4wkc
fjq2i8
fmstg7
fmscba
fj64wl
fib0dm
fj68et
fk7zta
fm99wm
fidrgt
fjz3r1
fjpl1y
fjprvz
fjboqj
firpay
fi8xhq
fjob8n
fnayfa
fjkqbn
fibvpf
fmf2kz
fmi4ph
fj6m2l
fiya5h
fn5jem
fm4ga0
fmfufv
fjebm3
fiq8n8
fmat6q
fmvwa0
fiuh9v
fjl7uf
fkfujp
ficyph
fm0uja
fndgvg
fmcglt
fkkc73
fidhvu
fmfd7x
fmxfp7
fj1wik
fjhp4s
fm8ki8
fiosf6
fltmns
fkrnp4
fjmolx
fix0gf
fitncy
fn9dps
fitnye
fju49y
fn2x07
fiuypz
fkvim1
fishb2
flx6df
fkjiew
fic0jh
fjxtzf
fjc55e
fjunts
fnd7xl
fix99l
fmfpaa
fkogmq
fiqacz
fm4pj0
fksvub
fj1fsk
fkyxj9
fkkkuy
fmymnq
fjs8iv
fmgofq
fkf24c
flypno
fk0h3g
fmby92
fjf9wf
fjq7uo
fk34fa
fjaf9e
fkq8qf
fjbxkt
fjrwcv
fj6h6h
fkotib
ficgvb
fkaylw
fj8gtv
fjwmba
fl235w
fkgypd
fn0e3t
fj53jo
fkptsy
fm0uu9
fn3p2f
fmshd0
fndpw6
fmsz59
fkfx4f
fkfuhq
fji21l
fmpgbm
fktsjn
fmi450
fkj14x
fkstgj
fjto07
fm31sb
fj51md
fmopl4
fn9c8f
fn2uxx
fiu4rv
fjfbch
fmw66u
flphfi
fjk1t5
filbej
fn6cp9
fkf00k
fjksua
fn63z9
fm8gzh
fky82w
fjc6s9
fiftm6
ficbnk
fl49i6
flty91
fl105e
fj6bqa
fkga0u
fif474
fkluht
fkmwgu
fmo6w4
fjvube
fjf1ba
fk54ca
fn4pjo
fmgof4
fjxzjz
fkv1og
flujkn
fjwlmx
fihcse
fj3o64
fmhwy6
fitkns
flz6t5
fkouud
fjbjz7
fkaava
fjjeav
fmin7b
fjv17w
fmpbc2
fk7da8
fj0lrx
fjtk4r
flus6n
fkscnp
fiulb4
fjj88q
fjyqzr
fjmrdx
fjwb9z
fk6blx
fkq79r
fmmbs1
fij4o8
fmhvzg
fksmft
fk3rdy
fn37gu
fk2kkr
fiidx7
fmj18w
fmbpcc
fm7t5r
fj4vvp
fjpi62
fkfr0h
fiy392
fmh6ls
fluyh8
fm4wnd
fmpdsh
fjitmj
fmizmh
fjr2j6
fkf8eb
fmn11j
fm9nua
filna6
fmidka
fm8o1y
fmh1do
fij3mf
fj2zfq
fjopjg
figp1t
fn1fx9
fkyagi
fkbqce
fjbfq3
fiv64d
fimlqj
fkijhz
fmad3w
fj0tkx
fj1v6h
fj361a
fksu7b
fiuxz8
fj4tqm
fn7kv0
fiir8g
fk707d
fn3jsh
fjafoq
fj90s5
fl0lyw
fkgdrj
fkaivf
fi9pix
fiuwiz
fncofx
fjoyxg
fikw6n
fmhucw
fiqvfq
fkwlxg
fiz3rd
fn9kjf
fipg6c
fk53e6
fls966
fl0wcl
fkluzo
fktgeo
fillkt
fl1vvw
fnbd8k
fjksge
fjp9rr
fmg5br
fm45lv
fmcnu8
fj87ug
fmyy0j
fj666w
fj1gds
fj9vxf
fk8ixs
fn24rb
fmq70x
fkhbqm
fk56gt
fm2nnv
fjkkt3
fix669
fm40x9
fild8k
fjdreo
fixfh6
fjkaul
fl2njn
fm4he5
fjbqyc
fkxihf
fnbsog
fkjfwa
fj0lx2
fmrstz
filq3k
fmy54s
fjaos5
fkud9m
fipf7q
fj5xdf
fn1yab
fn24yo
fmrhxv
fjcd6k
fm52bm
fj95xm
fkip00
flzqsl
fkegb0
fn7p5c
fkgm0c
fjjaxu
fmx7cl
fn7e4z
fmaym6
fiajun
fivmfb
fjz3lp
fkr8m7
fjewpu
fj9rbc
fj5w3v
fmg9yp
fj6r8o
fmeuem
flram4
fip60m
flzdey
fibobw
fki4ab
fmyh1v
fn17xd
fk7p8e
fmrl5v
fm7a2c
fiep68
fjpaay
fmzitu
fjyppb
flxpy6
fmc5i8
fj2feb
fkc3hq
fjxw7r
fio9t8
fiiab6
fj8ukv
fltlt3
fitb5j
fikyvm
fj0plq
fn3kr9
fj2zk7
fnb2ob
fm5dza
fiuyb4
fkr25o
fne920
flybj1
fls9ql
fjrpil
fj8cea
fjlizi
fn4aox
flrd9i
fm3pju
fkpfpw
fk1qsv
fjsodw
fk1kxj
fn1rcl
fjkhdh
fk988y
fkggmq
fmfmll
fjw1ii
fiqf9u
fndprw
fko9w7
fmodfl
fm1bfw
flw3oz
fjxiuu
fjjawj
fip16g
fm63ar
fkmjvg
fjvtmj
fm86l1
fiociz
fmypu0
fmo4ra
fjbqut
fkx08o
fiku1m
fkdocy
fjhy98
fkbgmk
fid1f1
fmq6y8
fmhg8y
fkonjj
fjgt6u
flpux4
fkt7a3
fjde0j
fkm2be
fmelwd
fjnztc
fjafw8
fmenpc
fmend7
fjf80b
fn43ii
fmc46l
fn7qcv
fipsoz
fk1x4p
fikqzw
fkk3j1
fkqvmh
flu3mu
fn1z1l
figog5
fjyl8d
fjcxzr
fj002c
fjvv4k
fkizfq
fikccv
fl094r
fnb9xt
fixw8f
fku6gj
fmcy0f
fjxy8x
fk0zxf
fiz1xk
fjikbe
fjw455
fm34fh
fmc98x
fiwcwd
fiam7y
fk5vlt
fmjw4b
fmmcoy
fjj89w
fl459j
fjiy8t
fmd5fx
fl3aap
fmjuio
fk4y2d
fk84b7
fiy3ma
fk0m20
fiiq8l
fmqyl7
fjxvbr
fm0ljn
flqgwd
fioaek
fid9lp
fkyqpi
fiotfh
fmzwbk
fiy51u
fiohms
fnd3h8
fkr24y
fksjqd
fk0ymm
fjykxa
filivc
flwpb8
fjvisd
fj9ae6
fn9drq
fjiwks
fibbq7
fmjma6
flwire
fjzpo1
fkn2td
fie9oa
fm11kt
fken94
fm7e1c
fmcbga
fjqd76
fibxaf
fmybly
fkhws4
fkfsyf
fne9bn
fmq7tj
finqpz
fk8v78
fk8jev
fmccd0
fiyp06
fmtf4j
fn5u9o
fk8wr5
fmgips
fikn26
fko994
fmpca6
fj0ayt
fkvh26
fk9cz2
fk5g5v
fkiw48
fmcj1w
flylbi
fmjk9z
fiua5k
fk8h0e
fjzhas
fkdqui
fj6ppz
fj3kuz
fkyrdh
fji5ng
fiz51l
fjsyan
fjbdh3
figv4j
fif7ho
fkob31
fk187f
fir522
flups1
fk6imf
flzk04
fkits3
firntb
fkr2my
fmqeq3
ficjed
fjcdjb
fj73rf
fk4atb
fkqmsj
fmsx0r
fj8dk5
fjartc
fkzcih
fltoot
fjx8a9
fmaooc
fkf6gz
fl0cf4
fn11sh
fjianz
fkcaty
fk9v0d
fl0dyq
fkpmw4
fio41m
fj3xhe
fiahg6
fkacu5
flwv42
fi9js6
flt870
fivbi0
fipjjt
fkn5ai
fm8u8t
fmsdo1
fm8lnf
fkolm2
fj9nfd
fj4yte
figl6g
fl334m
fndurh
firhg1
fjmcv1
fm9ytz
fjqdt5
flzt41
fkflr3
fioa32
fmmcml
fl3w26
fkjcw0
fkeynz
fn9vnl
fko2ey
fjnrnl
flqdpp
fiez8d
fidaeh
fn10tr
fkw5j3
figgte
fi92vs
fk5qfv
fjhvwm
fi960r
fmgchp
fmcamh
fm26lp
fjreis
flwa9v
fjvzo9
fmwoo4
fmmj3z
fjr9zy
fi9h8k
flqzbv
fj19zc
flu8yy
fj17ou
fjsipv
fji1ko
fiji5m
fj8sx1
fkxune
fn51ii
fmrqzu
fn5wit
fn5pl5
fipioz
fk9q1q
fmro0g
fjbpbj
fmjnz1
fkmfr6
fijusv
flskm4
fm46xr
fki401
fmurel
fmh5p9
fn09nr
fm2r3f
fmju8i
flz12n
fm8ve1
flsawl
fjnu7m
fna06j
fj2m4r
fj5jtu
fmcv84
fjomsh
fjaetp
fkwiet
fm7d86
fkab8v
fjk24u
fkomk9
fij6m0
fi92it
fkpnp7
fkigkh
fm6alp
fmhgrl
firxup
fjbtu5
fmcd1i
fmu6m0
fmlha8
fj0ody
fko45l
fjr8l3
fnbsmv
fjzf25
fjxmoh
fk59c0
fn7g6b
fj8r4m
fiqodr
fiycih
fm1oaz
fm7aow
fmotgg
fma2fc
fj3cfp
fn1d97
fn37oh
fmik4o
fmq0ek
fn6x2b
fne8h3
fixydf
fjdg5o
fjbvri
fjo2oe
fjkktg
fjnwnb
fj0x6m
finzwg
fl08k0
fipidq
fjvbif
fj5108
fmcc79
fjvg8s
fn9vh7
fj2cnh
fikbxl
fiivci
flp6ml
fk9fa2
fij9vp
fk6gun
fmz3wx
fku23i
fibshy
fklhcy
fihalg
firnns
fl3fd0
fkun9r
fn7hqc
fn088i
fkl4fo
fmc8zh
fnblxb
fkun56
fmi0ov
fmcg3n
flzitg
fin2pk
fjl4tv
fktsij
fkls96
fibxr9
fksko2
fjncxv
fkfmyu
fmaxjm
fne7qo
fiqqqz
fjhj9u
fi9me1
fj81mg
fjnflh
fmqxwn
fkwmws
fik1wu
fl1r1k
fndkxg
fmiftj
fkyoo8
fin594
fj675w
fikn8w
fj92fa
fjo4a3
fmcy6q
fn3hr0
flqo7n
fihqsi
fit208
fm55d0
fjx4nk
fmr0w0
fmy3jz
fjm3a3
fn1g01
fmcdwh
fmaasr
fige9i
fjyja6
fmfelu
fkzvss
fl1qjb
fn6kkp
fjp8qf
fim43f
flvnls
fn64gu
fn1squ
flxgva
fix3hd
fl1i5w
fjwmq0
fm1yuy
flyb1w
flsc6u
fj3vw3
fkyrey
fijlu6
figvzq
fk11gl
fjff45
fn9w7v
fm56h5
fijxuh
fl3fsf
fmq1q4
fjpa10
fim54z
fj0rey
fkl8fn
fj359e
flwf08
fjkohc
fiozcc
fk87gl
fmm4iz
fm8nuy
fi9u5k
fk44ra
fkt3el
fm6260
fk3p7n
fmrc8p
fk0xka
fkvl9t
fmkc93
fmj0fk
fkdlr9
fjkn8t
fko3qn
fm2b2q
fj2wbv
fj6pb5
fjcw43
fk58lk
fk6que
fkd4u5
fir8nq
fmmx8m
fmaaqf
fizz6r
flp9mh
fki12r
fk3l6n
filgry
fjunbx
fiu18s
fk035g
fn9h13
fisa1y
fkwh9c
fk4vym
fk2hqk
fj1cuv
fke77h
fjpa6e
fiazau
fk3bnw
fmbdnk
fm1etj
fmn1mt
fkiikl
fm8afr
flzfck
flztaz
fm5sqn
fm8u3e
fmb1dg
fiknvw
fmkwbm
fiilpb
flzaev
fnd6m1
fn367c
fi8y9t
fmj8lh
fitacn
fkf8of
fkw4jd
fiz31x
fkuys9
fn5kqf
fkeuet
fmsn16
fjyxgt
fie1cv
flpxwf
fmj683
fmch8k
fjmb9r
fiq9gh
fitjzd
fmog0j
fn9nig
fktg4c
fmi5fv
fn3cs9
flzzp1
fj5qki
figas9
fmb6fo
fjlv38
fms9lb
flt3dy
fitrbx
fkkjer
fiu8pw
fipq25
fm7an1
fmc5ko
filoru
fkudyk
fk583p
fj2o18
fm52vr
fj57ba
fmq9tu
flwacy
fieug1
fib2gr
fm0aee
fkep8c
fkjjfd
fjsrwn
fkfwq6
fj4il2
fihap9
fm9b1z
fip9ke
fn70af
fisus6
flsfeh
fjwy5t
flyzk3
fisfi7
fmc8tx
fj4qih
fiuv3h
fndu8z
flvyuu
fjvgio
fin09b
fk863a
fiv1ts
fmp06d
fjrijz
fiqsx2
fk1pej
fjawsr
firgvi
fkwlro
fn6qy2
fjr737
fj088f
fluffw
fichlv
fkmp7p
fkhi6a
fivvoi
fim5f2
fic6du
fjkgz2
fk3neb
fmgy5f
fk0pv4
fjjgv5
fmawtm
flxv94
fixykx
fm57im
fkc9wv
fmprmw
fmog2t
fmd23c
fmcegj
fisxkt
fmm71j
fm0px7
fm35o6
fj68lj
fj15dc
fj4w28
fl17g2
fjk279
fipg8s
fmcjxm
fiuyt9
fn1hoi
fj6ejx
fmb5tv
fie7qw
fiino4
fmcdoq
fj6cao
fitcrg
fn7eqs
fkys0l
fj4h6d
flyhgr
fiskb6
fjxj64
fm6nm1
fk70hf
fjb32p
fjiz1m
fj93vx
fl2ger
flqzqu
fj91m1
fjbo9y
fkgwap
fjxsgb
fj0x0y
fj0aiq
fip5yq
fkqijx
fkgpt3
fn57kb
fibd9d
fm78ve
fk9tte
fm4jhg
ficvk6
fizws8
fiqfto
fitew8
fkhl7i
fkmzdx
fnaztt
fn36w5
fjxoah
fk98ux
fjf0z8
fmwrk9
fn41dq
fmdt2m
fj9nv7
ficokb
fm28vp
fk6sjj
fl1xpj
fmc5ah
fj8t4v
fk4bzz
fj1shh
fnbbv9
fiksxh
fmsuwu
fjjbym
fmp1n1
fjpboh
fn5ijc
fmmmzf
firs1y
fju019
fmrqc8
fiqq7v
fk8mnf
fkfija
fian1j
fkzajx
filn46
fmt4qi
fjwym8
fk47c7
fjtefx
fmxfa9
fkx02i
fmbm2x
fmynt9
fm8qe5
fmc5fz
fka4hg
fk75uw
fmo0r2
fimxxn
fjfgai
fikax9
fm52bi
fin8fq
fjbqos
fj7hn6
fms8bk
fizmhv
fmrcte
fn0kat
fjnzvy
fn6wym
fjmlf0
fjd8lb
fi9m34
fjwnqg
fj92fl
fixjsk
fkgc95
ficbud
fib7rr
fjdt1r
ficwb6
flt754
fickwk
flskx4
fimraf
fjvwy1
fi9vdb
fk3j1e
fijb2k
fidllz
flqiv1
fmrpl1
fkik3s
fjhplc
fijeob
fji59p
fklpw6
fitxzh
fjtmnv
fmix6v
fkrqnx
ficwmh
fko5ii
fig3p0
fjmifq
fmurgi
fmrpqq
flsrer
fjmiak
fixy0v
fm8aas
fkgydj
fm5zd8
fj6u39
fj68jj
fn2g92
fmfogj
fjphqr
fmben2
figgal
fj2zeu
fiq22n
fimdje
fjromi
fjkis3
fj7zjk
fm0pon
fiv743
fmy0lh
fkl5cq
fji3fu
fjptsh
fic9vd
fm5ji6
fmse1j
fnb0df
fmb657
fm1al8
fkq6u1
fjclb2
flz4py
fj2ybj
fk9imp
fkwjcr
fjv0we
fmflnk
fid8fi
fjyrgl
fj2kbu
fkhwnv
fme24p
fn9wy4
fm6djv
fkvvf4
fm6no8
fn1b5f
fj1x7u
fm3vts
finl16
fjols3
fkmtfy
fkm6vr
fjvyf8
fkj1ki
fmo88b
fmapjr
fmxv9h
fmf0w1
fkzfna
fjojsu
fmlkpf
fkdh48
fn0us1
fjoolb
fj87qf
fk9g1v
fm3ztr
fj8c7o
fj0xi9
fjejmh
fmamuf
fm5ed7
fn8q0w
fj0wpl
fiuqwf
fmui8t
fne9vk
fmiqpc
fkucwt
fjwa4r
fj335a
fjaqml
fjq0q7
fjtxzl
fiaf1r
fkxci6
fjyztx
fkyybz
fm3e5b
fiykfs
fjr4iq
fjnesn
fjkn8i
fjaj8m
fkbto2
fit0dq
fky1tn
fm6njm
fj8k5m
fkot1i
fn4p38
fikrw9
fmc5oj
flybeu
fjwvt5
fme9e9
fjz327
flwew9
fibzpg
fjndrp
fjjb7n
fjwt7c
fj3q9v
fktj6g
fimezm
fm8ddj
fjodg5
fj9gpp
fj17d4
fj3j3t
fiaxta
fksp6u
fkloiu
fnbnx4
fmk3nm
fn4qd9
fktgfb
fi8wfy
fk4yaj
fls5n6
fn5otq
fk4x8f
fieuxg
fj6rn4
fm24hd
fijasp
fiylyd
fmr8j2
fjru9r
fm34br
fmo7tl
fm8rwy
fmz1f0
fk0xlz
fjln12
fmmmnn
fmkfoy
fjjno2
fk94ly
fkspp7
fikbbz
fitzon
fivwvv
fl0gjv
fk8hhv
fj7qak
fjpnyo
ficnmu
fkstfp
fn3s95
fjs9au
fiox7a
fn8ufh
fj21d3
fjsobe
fjo90m
fl0hgm
fjx96n
fkh41y
fn2zhb
fjrk23
fj69zs
fkpaao
fkc4r2
fjihya
fifojf
fjpsb3
fmi9cw
fksp3j
fjlmwo
flyjp4
fiob0t
fjuan5
fj8aya
fiykjv
fn5riq
fimr4r
fmiz91
fm4lhk
flsi4z
fkhprk
fmk1sd
fj9msx
fmf3et
fjqtx9
fjmgm9
fkwjux
fis98l
fkqpt0
fmy36y
fjc2e1
fidzyw
flxpql
fme42a
filxnr
fikh8n
fio523
fijerx
fjrbyl
fn8ksq
fjw8nj
fkocam
fn8e7i
flxwmq
fiask3
fn13fl
fjo7sh
fkulps
fmu165
fm3erz
fmtquh
fijgn8
fmdz5k
fjf4y2
fiv2jc
fit09j
fl06xx
fj79ad
fk2wfe
fj75dx
fif0ba
fkyvly
fjk8v3
fi9l0g
fk107e
fj2zon
fiyp5n
fj2feo
fm8zqj
fk9ckp
fko7sh
fja3sb
fj535t
fkfhai
fn4nn4
fkkd1u
fna7dj
fl1qf0
fkrsjy
fm599o
fm08qp
fito52
fn144j
fn4lfs
fkiyde
fj0w58
fne8r3
fjt8pu
fjsm9g
fjd0gc
fkwo7u
fjk4je
fj7dd6
fndc1f
fjnsds
fj1j5y
fib1gx
fkv6pd
fjbpx9
fmri0q
fici9e
fihtjp
fk4fod
fkhql8
fik31n
fk47qo
fkqxur
fjd6f4
fij76y
fij1zj
flztra
fjy20g
fmn31x
fkhdz4
flwieb
fiafig
fkthk0
fjlccw
fila7h
fmffm4
fitzdt
fmh49q
fl3hqo
fkv2ed
fireld
fn8t13
fje8ds
fjm4td
fls063
fmo4bc
fj3xkp
fmm5n7
fk954f
fjz2qg
fibiw5
fncjil
fmv0hi
flrwqu
fn9ij8
fjyiuw
flvpbt
fjonaf
fm5sb1
flsw5d
fj5snu
flrcxj
fkb2yl
ficndb
fmk40d
fmia0a
fmw66w
fm61hv
fku0ev
fjkuyy
fkpqfm
fkhyoa
fkoj1y
fn8j23
fioyqz
fic3ab
fn7dmy
fkwwlx
fjxalj
fiks9n
fizl8k
fki1z8
fn2ift
fmonvn
fin002
fkwnqn
fmqib4
fjq242
fjeqlf
fkprlr
fkfxlv
flukxf
fkwnvn
fj9cgj
fl037y
fker30
fkodhp
fjl8v3
fl2jn5
fjbgpa
fncwx6
fjgnt6
fjz8qr
fjrqec
fkzk33
fktahk
fn2r5k
fmgbah
fn5uhw
flpr5z
fjex24
fj0i40
fm63nq
fmqflt
fjue23
fj59uy
fn5cgr
fmoshy
fkqfl7
flpf0t
fm9wvc
fmjusf
fjets7
fmsycg
fjd88b
fmj1fe
fkoqa4
fmp2y3
fjbwzr
fizlh0
fiy5k0
fm8jjx
fn2la6
fijxz8